<?xml version="1.0" encoding="UTF-8"?>
<!-- Generated by org.testng.reporters.JUnitXMLReporter -->
<testsuite hostname="lenovo" ignored="0" name="Default test" tests="22" failures="0" timestamp="2020-05-04T19:20:56 EET" time="0.418" errors="0">
  <testcase name="testAddIntegerBoundaryValid" time="0.023" classname="tests.CalculatorTest"/>
  <testcase name="testAddNegativeOutOfBoundaryInvalid" time="0.007" classname="tests.CalculatorTest"/>
  <testcase name="testAddNegativeValidNumbers" time="0.004" classname="tests.CalculatorTest"/>
  <testcase name="testAddPositiveOutOfBoundaryInvalid" time="0.005" classname="tests.CalculatorTest"/>
  <testcase name="testAddPositiveValidNumbers" time="0.003" classname="tests.CalculatorTest"/>
  <testcase name="testAddZeroBoundaryValid" time="0.009" classname="tests.CalculatorTest"/>
  <testcase name="testDivByZeroInValid" time="0.004" classname="tests.CalculatorTest"/>
  <testcase name="testDivIntegerBoundaryValid" time="0.002" classname="tests.CalculatorTest"/>
  <testcase name="testDivNegativeValidNumbers" time="0.002" classname="tests.CalculatorTest"/>
  <testcase name="testDivPositiveValidNumbers" time="0.004" classname="tests.CalculatorTest"/>
  <testcase name="testDivZeroBoundaryValid" time="0.003" classname="tests.CalculatorTest"/>
  <testcase name="testDivZerobyAnyNumValid" time="0.006" classname="tests.CalculatorTest"/>
  <testcase name="testMulMaxIntegerOutOfBoundaryInvalid" time="0.004" classname="tests.CalculatorTest"/>
  <testcase name="testMulMinIntegerOutOfBoundaryInvalid" time="0.024" classname="tests.CalculatorTest"/>
  <testcase name="testMulNegativeValidNumbers" time="0.003" classname="tests.CalculatorTest"/>
  <testcase name="testMulPositiveValidNumbers" time="0.007" classname="tests.CalculatorTest"/>
  <testcase name="testMulZeroBoundaryValid" time="0.003" classname="tests.CalculatorTest"/>
  <testcase name="testSubMaxIntegerOutOfBoundaryInvalid" time="0.012" classname="tests.CalculatorTest"/>
  <testcase name="testSubMinIntegerOutOfBoundaryInvalid" time="0.006" classname="tests.CalculatorTest"/>
  <testcase name="testSubNegativeValidNumbers" time="0.004" classname="tests.CalculatorTest"/>
  <testcase name="testSubPositiveValidNumbers" time="0.005" classname="tests.CalculatorTest"/>
  <testcase name="testSubZeroBoundaryValid" time="0.004" classname="tests.CalculatorTest"/>
</testsuite> <!-- Default test -->
