<?xml version="1.0" encoding="UTF-8"?>
<!-- Generated by org.testng.reporters.JUnitXMLReporter -->
<testsuite hostname="lenovo" ignored="3" name="Test" tests="22" failures="0" timestamp="2020-05-04T20:39:30 EET" time="0.366" errors="0">
  <testcase name="testAddIntegerBoundaryValid" time="0.026" classname="tests.AdditionTestCases"/>
  <testcase name="testAddNegativeOutOfBoundaryInvalid" time="0.007" classname="tests.AdditionTestCases"/>
  <testcase name="testAddNegativeValidNumbers" time="0.004" classname="tests.AdditionTestCases"/>
  <testcase name="testAddPositiveOutOfBoundaryInvalid" time="0.005" classname="tests.AdditionTestCases"/>
  <testcase name="testAddPositiveValidNumbers" time="0.003" classname="tests.AdditionTestCases"/>
  <testcase name="testAddZeroBoundaryValid" time="0.003" classname="tests.AdditionTestCases"/>
  <testcase name="testSubMaxIntegerOutOfBoundaryInvalid" time="0.004" classname="tests.SubtractionTestCases"/>
  <testcase name="testSubMinIntegerOutOfBoundaryInvalid" time="0.003" classname="tests.SubtractionTestCases"/>
  <testcase name="testSubNegativeValidNumbers" time="0.003" classname="tests.SubtractionTestCases"/>
  <testcase name="testSubPositiveValidNumbers" time="0.003" classname="tests.SubtractionTestCases"/>
  <testcase name="testSubZeroBoundaryValid" time="0.003" classname="tests.SubtractionTestCases"/>
  <testcase name="testMulMaxIntegerOutOfBoundaryInvalid" time="0.005" classname="tests.MultiplicationTestCases"/>
  <testcase name="testMulMinIntegerOutOfBoundaryInvalid" time="0.006" classname="tests.MultiplicationTestCases"/>
  <testcase name="testMulNegativeValidNumbers" time="0.003" classname="tests.MultiplicationTestCases"/>
  <testcase name="testMulPositiveValidNumbers" time="0.002" classname="tests.MultiplicationTestCases"/>
  <testcase name="testMulZeroBoundaryValid" time="0.003" classname="tests.MultiplicationTestCases"/>
  <testcase name="testDivByZeroInValid" time="0.003" classname="tests.DivisionTestCases"/>
  <testcase name="testDivIntegerBoundaryValid" time="0.002" classname="tests.DivisionTestCases"/>
  <testcase name="testDivNegativeValidNumbers" time="0.003" classname="tests.DivisionTestCases"/>
  <testcase name="testDivPositiveValidNumbers" time="0.003" classname="tests.DivisionTestCases"/>
  <testcase name="testDivZeroBoundaryValid" time="0.004" classname="tests.DivisionTestCases"/>
  <testcase name="testDivZerobyAnyNumValid" time="0.002" classname="tests.DivisionTestCases"/>
  <testcase name="@BeforeTest setup" time="0.0" classname="tests.BaseTest">
    <ignored/>
  </testcase> <!-- @BeforeTest setup -->
  <testcase name="@BeforeTest setup" time="0.0" classname="tests.BaseTest">
    <ignored/>
  </testcase> <!-- @BeforeTest setup -->
  <testcase name="@BeforeTest setup" time="0.0" classname="tests.BaseTest">
    <ignored/>
  </testcase> <!-- @BeforeTest setup -->
</testsuite> <!-- Test -->
